<?xml version="1.0" encoding="UTF-8"?>
<testsuite xmlns:xsi="http://www.w3.org/2001/XMLSchema-instance" xsi:noNamespaceSchemaLocation="https://maven.apache.org/surefire/maven-surefire-plugin/xsd/surefire-test-report.xsd" name="com.github.mytestuser.SimpleTest" time="3.828" tests="39" errors="1" skipped="0" failures="3">
  <properties>
[...]
</properties>
  <testcase name="testSeverity" classname="com.github.mytestuser.SimpleTest" time="0.809"/>
  <testcase name="subTest" classname="com.github.mytestuser.SimpleTest" time="0.051"/>
  <testcase name="sumTest" classname="com.github.mytestuser.SimpleTest" time="0.039"/>
  <testcase name="simpleTestWithSteps" classname="com.github.mytestuser.SimpleTest" time="0.108"/>
  <testcase name="simpleTest" classname="com.github.mytestuser.SimpleTest" time="0.032"/>
  <testcase name="issueTmsTest1" classname="com.github.mytestuser.SimpleTest" time="0.039"/>
  <testcase name="issueTmsTest2" classname="com.github.mytestuser.SimpleTest" time="0.021"/>
  <testcase name="testFlaky" classname="com.github.mytestuser.SimpleTest" time="0.056">
    <failure message="expected: &lt;true&gt; but was: &lt;false&gt;" type="org.opentest4j.AssertionFailedError"><![CDATA[org.opentest4j.AssertionFailedError: expected: <true> but was: <false>
	at com.github.mytestuser.SimpleTest.testFlaky(SimpleTest.java:128)
]]></failure>
  </testcase>
  <testcase name="testOwner" classname="com.github.mytestuser.SimpleTest" time="0.019"/>
  <testcase name="csvAttachmentTest" classname="com.github.mytestuser.SimpleTest" time="0.049"/>
  <testcase name="simpleTestWithAttachments" classname="com.github.mytestuser.SimpleTest" time="0.765"/>
  <testcase name="checkSumWithLinkTest" classname="com.github.mytestuser.SimpleTest" time="0.025"/>
  <testcase name="throwAnExceptionTest" classname="com.github.mytestuser.SimpleTest" time="0.037">
    <error message="Test exception" type="java.lang.IllegalStateException">java.lang.IllegalStateException: Test exception
	at com.github.mytestuser.SimpleTest.throwAnExceptionTest(SimpleTest.java:42)
</error>
  </testcase>
  <testcase name="simpleTestWithAddingAttachments" classname="com.github.mytestuser.SimpleTest" time="0.06"/>
  <testcase name="failedTest" classname="com.github.mytestuser.SimpleTest" time="0.058">
    <failure message="This test should be failed" type="org.opentest4j.AssertionFailedError">org.opentest4j.AssertionFailedError: This test should be failed
	at com.github.mytestuser.SimpleTest.failedTest(SimpleTest.java:159)
</failure>
  </testcase>
  <testcase name="mathTest1" classname="com.github.mytestuser.SimpleTest" time="0.062"/>
  <testcase name="mathTest2" classname="com.github.mytestuser.SimpleTest" time="0.033"/>
  <testcase name="mathTest3" classname="com.github.mytestuser.SimpleTest" time="0.033"/>
  <testcase name="mathTest4" classname="com.github.mytestuser.SimpleTest" time="0.034"/>
  <testcase name="mathTest5" classname="com.github.mytestuser.SimpleTest" time="0.038"/>
  <testcase name="mathTest6" classname="com.github.mytestuser.SimpleTest" time="0.035"/>
  <testcase name="mathTest7" classname="com.github.mytestuser.SimpleTest" time="0.034"/>
  <testcase name="mathTest8" classname="com.github.mytestuser.SimpleTest" time="0.035"/>
  <testcase name="mathTest9" classname="com.github.mytestuser.SimpleTest" time="0.035"/>
  <testcase name="checkSumWithLinksTest" classname="com.github.mytestuser.SimpleTest" time="0.022"/>
  <testcase name="svgAttachmentTest" classname="com.github.mytestuser.SimpleTest" time="0.019"/>
  <testcase name="mathTest10" classname="com.github.mytestuser.SimpleTest" time="0.02"/>
  <testcase name="mathTest11" classname="com.github.mytestuser.SimpleTest" time="0.024"/>
  <testcase name="mathTest12" classname="com.github.mytestuser.SimpleTest" time="0.021"/>
  <testcase name="mathTest13" classname="com.github.mytestuser.SimpleTest" time="0.026"/>
  <testcase name="mathTest14" classname="com.github.mytestuser.SimpleTest" time="0.02"/>
  <testcase name="mathTest15" classname="com.github.mytestuser.SimpleTest" time="0.023"/>
  <testcase name="mathTest16" classname="com.github.mytestuser.SimpleTest" time="0.021"/>
  <testcase name="mathTest17" classname="com.github.mytestuser.SimpleTest" time="0.022"/>
  <testcase name="mathTest18" classname="com.github.mytestuser.SimpleTest" time="0.021"/>
  <testcase name="mathTest19" classname="com.github.mytestuser.SimpleTest" time="0.022"/>
  <testcase name="mathTest20" classname="com.github.mytestuser.SimpleTest" time="0.023"/>
  <testcase name="equivalenceTest" classname="com.github.mytestuser.SimpleTest" time="0.021"/>
  <testcase name="checkSinTest" classname="com.github.mytestuser.SimpleTest" time="0.052">
    <failure message="&#10;Expected: is &lt;0&gt;&#10;     but: was &lt;0.0&gt;" type="java.lang.AssertionError"><![CDATA[java.lang.AssertionError: 

Expected: is <0>
     but: was <0.0>
	at com.github.mytestuser.SimpleTest.checkSinTest(SimpleTest.java:118)
]]></failure>
  </testcase>
</testsuite>